Base path: C:/Program Files/Unity.5.6.1.f1/Editor/Data
Cmd: initializeCompiler
Cmd: preprocess
  insize=2779 outsize=3299 ok=1
Cmd: preprocess
  insize=2164 outsize=1627 ok=1
Cmd: preprocess
  insize=4417 outsize=571 ok=1
Cmd: preprocess
  insize=1036 outsize=381 ok=1
Cmd: preprocess
  insize=2732 outsize=1336 ok=1
Cmd: preprocess
  insize=1973 outsize=997 ok=1
Cmd: preprocess
  insize=2570 outsize=715 ok=1
Cmd: preprocess
  insize=1000 outsize=500 ok=1
Cmd: preprocess
  insize=2349 outsize=821 ok=1
Cmd: preprocess
  insize=1845 outsize=363 ok=1
Cmd: preprocess
  insize=12649 outsize=6122 ok=1
Cmd: preprocess
  insize=1752 outsize=590 ok=1
Cmd: preprocess
  insize=825 outsize=244 ok=1
Cmd: preprocess
  insize=2012 outsize=740 ok=1
Cmd: preprocess
  insize=2205 outsize=1668 ok=1
Cmd: preprocess
  insize=2831 outsize=2954 ok=1
Cmd: preprocess
  insize=2535 outsize=3058 ok=1
Cmd: preprocess
  insize=4384 outsize=589 ok=1
Cmd: preprocess
  insize=1339 outsize=524 ok=1
Cmd: preprocess
  insize=2587 outsize=2713 ok=1
Cmd: preprocess
  insize=2583 outsize=1976 ok=1
Cmd: preprocess
  insize=983 outsize=299 ok=1
Cmd: preprocess
  insize=2543 outsize=1936 ok=1
Cmd: preprocess
  insize=6813 outsize=3955 ok=1
Cmd: preprocess
  insize=2800 outsize=1391 ok=1
Cmd: preprocess
  insize=4540 outsize=722 ok=1
Cmd: preprocess
  insize=1365 outsize=550 ok=1
Cmd: preprocess
  insize=3871 outsize=523 ok=1
Cmd: preprocess
  insize=988 outsize=276 ok=1
Cmd: preprocess
  insize=5517 outsize=3960 ok=1
Cmd: preprocess
  insize=5758 outsize=837 ok=1
Cmd: compileSnippet
  api=4 type=0 insize=1097 outsize=1874 kw=DIRECTIONAL _EMISSION pd=UNITY_ENABLE_REFLECTION_BUFFERS UNITY_USE_DITHER_MASK_FOR_ALPHABLENDED_SHADOWS UNITY_PBS_USE_BRDF1 UNITY_SPECCUBE_BOX_PROJECTION UNITY_SPECCUBE_BLENDING UNITY_ENABLE_DETAIL_NORMALMAP SHADER_API_DESKTOP UNITY_HARDWARE_TIER3 UNITY_COLORSPACE_GAMMA ok=1
Cmd: compileSnippet
  api=4 type=1 insize=1097 outsize=6898 kw=DIRECTIONAL _EMISSION pd=UNITY_ENABLE_REFLECTION_BUFFERS UNITY_USE_DITHER_MASK_FOR_ALPHABLENDED_SHADOWS UNITY_PBS_USE_BRDF1 UNITY_SPECCUBE_BOX_PROJECTION UNITY_SPECCUBE_BLENDING UNITY_ENABLE_DETAIL_NORMALMAP SHADER_API_DESKTOP UNITY_HARDWARE_TIER3 UNITY_COLORSPACE_GAMMA ok=1
